Start testing: May 07 13:09 UTC
----------------------------------------------------------
1/4 Testing: test_core
1/4 Test: test_core
Command: "/home/runner/work/qjsbridge/qjsbridge/build/tests/test_core"
Directory: /home/runner/work/qjsbridge/qjsbridge/build/tests
"test_core" start time: May 07 13:09 UTC
Output:
----------------------------------------------------------
<end of output>
Test time =   0.00 sec
----------------------------------------------------------
Test Passed.
"test_core" end time: May 07 13:09 UTC
"test_core" time elapsed: 00:00:00
----------------------------------------------------------

2/4 Testing: test_convert
2/4 Test: test_convert
Command: "/home/runner/work/qjsbridge/qjsbridge/build/tests/test_convert"
Directory: /home/runner/work/qjsbridge/qjsbridge/build/tests
"test_convert" start time: May 07 13:09 UTC
Output:
----------------------------------------------------------
<end of output>
Test time =   0.00 sec
----------------------------------------------------------
Test Passed.
"test_convert" end time: May 07 13:09 UTC
"test_convert" time elapsed: 00:00:00
----------------------------------------------------------

3/4 Testing: test_function
3/4 Test: test_function
Command: "/home/runner/work/qjsbridge/qjsbridge/build/tests/test_function"
Directory: /home/runner/work/qjsbridge/qjsbridge/build/tests
"test_function" start time: May 07 13:09 UTC
Output:
----------------------------------------------------------
<end of output>
Test time =   0.00 sec
----------------------------------------------------------
Test Passed.
"test_function" end time: May 07 13:09 UTC
"test_function" time elapsed: 00:00:00
----------------------------------------------------------

4/4 Testing: test_class
4/4 Test: test_class
Command: "/home/runner/work/qjsbridge/qjsbridge/build/tests/test_class"
Directory: /home/runner/work/qjsbridge/qjsbridge/build/tests
"test_class" start time: May 07 13:09 UTC
Output:
----------------------------------------------------------
<end of output>
Test time =   0.00 sec
----------------------------------------------------------
Test Passed.
"test_class" end time: May 07 13:09 UTC
"test_class" time elapsed: 00:00:00
----------------------------------------------------------

End testing: May 07 13:09 UTC
